<?xml version="1.0" encoding="UTF-8"?>
<!-- Generated by org.testng.reporters.JUnitReportReporter -->
<testsuite hostname="GNANAPRASA-NB" failures="0" tests="1" name="tests.PostTests" time="5.038" errors="0" timestamp="2025-04-08T19:16:01 IST" skipped="0">
  <testcase classname="tests.PostTests" name="createPost" time="5.038"/>
</testsuite> <!-- tests.PostTests -->
