<?xml version="1.0" encoding="UTF-8"?>
<!-- Generated by org.testng.reporters.JUnitReportReporter -->
<testsuite hostname="GNANAPRASA-NB" failures="0" tests="2" name="tests.UserTests" time="1.202" errors="0" timestamp="2025-04-08T19:16:01 IST" skipped="0">
  <testcase classname="tests.UserTests" name="getAllUsers" time="0.717"/>
  <testcase classname="tests.UserTests" name="getUserById" time="0.485"/>
</testsuite> <!-- tests.UserTests -->
